<?xml version="1.0" encoding="UTF-8"?>
<!-- Generated by org.testng.reporters.JUnitReportReporter -->
<testsuite hostname="Nehas-MacBook-Pro.local" failures="0" tests="1" name="com.feature.runner.Runner" time="0.197" errors="0" timestamp="2021-03-18T00:17:25 EDT" skipped="0">
  <testcase classname="com.feature.runner.Runner" name="runScenario" time="0.197"/>
  <system-out/>
</testsuite> <!-- com.feature.runner.Runner -->
